16:58:14.732 Api Request Received: messageType:GetStepValueRequest messageId:4 stepValueRequest:<stepText:"\"<time>\" ms bekle" > 
16:58:14.734 Sending API response: messageType:GetStepValueResponse messageId:4 stepValueResponse:<stepValue:<stepValue:"{} ms bekle" parameterizedStepValue:"<<time>> ms bekle" parameters:"<time>" > > 
16:58:14.747 Api Request Received: messageType:GetStepValueRequest messageId:4 stepValueRequest:<stepText:"Geri git" > 
16:58:14.747 Sending API response: messageType:GetStepValueResponse messageId:4 stepValueResponse:<stepValue:<stepValue:"Geri git" parameterizedStepValue:"Geri git" > > 
16:58:14.747 Api Request Received: messageType:GetStepValueRequest messageId:4 stepValueRequest:<stepText:"\"<xpath>\" xpath alanina \"<value>\" yazdin" > 
16:58:14.747 Sending API response: messageType:GetStepValueResponse messageId:4 stepValueResponse:<stepValue:<stepValue:"{} xpath alanina {} yazdin" parameterizedStepValue:"<<xpath>> xpath alanina <<value>> yazdin" parameters:"<xpath>" parameters:"<value>" > > 
16:58:14.748 Api Request Received: messageType:GetStepValueRequest messageId:4 stepValueRequest:<stepText:"\"<name>\" name nesnesine tikla" > 
16:58:14.748 Sending API response: messageType:GetStepValueResponse messageId:4 stepValueResponse:<stepValue:<stepValue:"{} name nesnesine tikla" parameterizedStepValue:"<<name>> name nesnesine tikla" parameters:"<name>" > > 
16:58:14.748 Api Request Received: messageType:GetStepValueRequest messageId:4 stepValueRequest:<stepText:"ekranda <text> yazisini gormen gerekiyor" > 
16:58:14.748 Sending API response: messageType:GetStepValueResponse messageId:4 stepValueResponse:<stepValue:<stepValue:"ekranda {} yazisini gormen gerekiyor" parameterizedStepValue:"ekranda <text> yazisini gormen gerekiyor" parameters:"text" > > 
16:58:14.749 Api Request Received: messageType:GetStepValueRequest messageId:4 stepValueRequest:<stepText:"\"<xpath>\" className alanina \"<value>\" yazdin" > 
16:58:14.749 Sending API response: messageType:GetStepValueResponse messageId:4 stepValueResponse:<stepValue:<stepValue:"{} className alanina {} yazdin" parameterizedStepValue:"<<xpath>> className alanina <<value>> yazdin" parameters:"<xpath>" parameters:"<value>" > > 
16:58:14.749 Api Request Received: messageType:GetStepValueRequest messageId:4 stepValueRequest:<stepText:"<id> id'li eleman listesindenden rastgele birine t\304\261kla" > 
16:58:14.749 Sending API response: messageType:GetStepValueResponse messageId:4 stepValueResponse:<stepValue:<stepValue:"{} id'li eleman listesindenden rastgele birine t\304\261kla" parameterizedStepValue:"<id> id'li eleman listesindenden rastgele birine t\304\261kla" parameters:"id" > > 
16:58:14.750 Api Request Received: messageType:GetStepValueRequest messageId:4 stepValueRequest:<stepText:"\"<id>\" id alanina \"<value>\" yaz" > 
16:58:14.750 Sending API response: messageType:GetStepValueResponse messageId:4 stepValueResponse:<stepValue:<stepValue:"{} id alanina {} yaz" parameterizedStepValue:"<<id>> id alanina <<value>> yaz" parameters:"<id>" parameters:"<value>" > > 
16:58:14.750 Api Request Received: messageType:GetStepValueRequest messageId:4 stepValueRequest:<stepText:"\"<class>\" class isimli eleman\304\261 \"<seconds>\" saniye kadar bekle" > 
16:58:14.750 Sending API response: messageType:GetStepValueResponse messageId:4 stepValueResponse:<stepValue:<stepValue:"{} class isimli eleman\304\261 {} saniye kadar bekle" parameterizedStepValue:"<<class>> class isimli eleman\304\261 <<seconds>> saniye kadar bekle" parameters:"<class>" parameters:"<seconds>" > > 
16:58:14.750 Api Request Received: messageType:GetStepValueRequest messageId:4 stepValueRequest:<stepText:"\"<css>\" css nesnesine tikla" > 
16:58:14.750 Sending API response: messageType:GetStepValueResponse messageId:4 stepValueResponse:<stepValue:<stepValue:"{} css nesnesine tikla" parameterizedStepValue:"<<css>> css nesnesine tikla" parameters:"<css>" > > 
16:58:14.751 Api Request Received: messageType:GetStepValueRequest messageId:4 stepValueRequest:<stepText:"\"<id>\" id nesnesine tikla" > 
16:58:14.751 Sending API response: messageType:GetStepValueResponse messageId:4 stepValueResponse:<stepValue:<stepValue:"{} id nesnesine tikla" parameterizedStepValue:"<<id>> id nesnesine tikla" parameters:"<id>" > > 
16:58:14.751 Api Request Received: messageType:GetStepValueRequest messageId:4 stepValueRequest:<stepText:"\"<partialLinkText>\" linkText i\303\247eren eleman\304\261 \"<seconds>\" saniye kadar bekle" > 
16:58:14.751 Sending API response: messageType:GetStepValueResponse messageId:4 stepValueResponse:<stepValue:<stepValue:"{} linkText i\303\247eren eleman\304\261 {} saniye kadar bekle" parameterizedStepValue:"<<partialLinkText>> linkText i\303\247eren eleman\304\261 <<seconds>> saniye kadar bekle" parameters:"<partialLinkText>" parameters:"<seconds>" > > 
16:58:14.752 Api Request Received: messageType:GetStepValueRequest messageId:4 stepValueRequest:<stepText:"\"<text>\" yazisina tikla" > 
16:58:14.752 Sending API response: messageType:GetStepValueResponse messageId:4 stepValueResponse:<stepValue:<stepValue:"{} yazisina tikla" parameterizedStepValue:"<<text>> yazisina tikla" parameters:"<text>" > > 
16:58:14.752 Api Request Received: messageType:GetStepValueRequest messageId:4 stepValueRequest:<stepText:"\"<css>\" css se\303\247imindeki eleman\304\261 \"<seconds>\" saniye kadar bekle" > 
16:58:14.752 Sending API response: messageType:GetStepValueResponse messageId:4 stepValueResponse:<stepValue:<stepValue:"{} css se\303\247imindeki eleman\304\261 {} saniye kadar bekle" parameterizedStepValue:"<<css>> css se\303\247imindeki eleman\304\261 <<seconds>> saniye kadar bekle" parameters:"<css>" parameters:"<seconds>" > > 
16:58:14.753 Api Request Received: messageType:GetStepValueRequest messageId:4 stepValueRequest:<stepText:"\"<url>\"   adresine git" > 
16:58:14.753 Sending API response: messageType:GetStepValueResponse messageId:4 stepValueResponse:<stepValue:<stepValue:"{}   adresine git" parameterizedStepValue:"<<url>>   adresine git" parameters:"<url>" > > 
16:58:14.756 Api Request Received: messageType:GetStepValueRequest messageId:4 stepValueRequest:<stepText:"\"<id>\" id'li eleman\304\261 \"<seconds>\" saniye kadar bekle" > 
16:58:14.756 Sending API response: messageType:GetStepValueResponse messageId:4 stepValueResponse:<stepValue:<stepValue:"{} id'li eleman\304\261 {} saniye kadar bekle" parameterizedStepValue:"<<id>> id'li eleman\304\261 <<seconds>> saniye kadar bekle" parameters:"<id>" parameters:"<seconds>" > > 
16:58:14.757 Api Request Received: messageType:GetStepValueRequest messageId:4 stepValueRequest:<stepText:"\"<JavaScriptCode>\" unu \"<wait>\" boolean de\304\237eri ile \303\247al\304\261\305\237t\304\261r" > 
16:58:14.757 Sending API response: messageType:GetStepValueResponse messageId:4 stepValueResponse:<stepValue:<stepValue:"{} unu {} boolean de\304\237eri ile \303\247al\304\261\305\237t\304\261r" parameterizedStepValue:"<<JavaScriptCode>> unu <<wait>> boolean de\304\237eri ile \303\247al\304\261\305\237t\304\261r" parameters:"<JavaScriptCode>" parameters:"<wait>" > > 
16:58:14.757 Api Request Received: messageType:GetStepValueRequest messageId:4 stepValueRequest:<stepText:"<id> id'li alana form datas\304\261 g\303\266nderme i\305\237lemini yap." > 
16:58:14.757 Sending API response: messageType:GetStepValueResponse messageId:4 stepValueResponse:<stepValue:<stepValue:"{} id'li alana form datas\304\261 g\303\266nderme i\305\237lemini yap." parameterizedStepValue:"<id> id'li alana form datas\304\261 g\303\266nderme i\305\237lemini yap." parameters:"id" > > 
16:58:14.757 Api Request Received: messageType:GetStepValueRequest messageId:4 stepValueRequest:<stepText:"<className> class'li eleman listesindenden rastgele birine t\304\261kla" > 
16:58:14.757 Sending API response: messageType:GetStepValueResponse messageId:4 stepValueResponse:<stepValue:<stepValue:"{} class'li eleman listesindenden rastgele birine t\304\261kla" parameterizedStepValue:"<className> class'li eleman listesindenden rastgele birine t\304\261kla" parameters:"className" > > 
16:58:14.758 Api Request Received: messageType:GetStepValueRequest messageId:4 stepValueRequest:<stepText:"\"<css>\" css alanina \"<value>\" yazdin" > 
16:58:14.758 Sending API response: messageType:GetStepValueResponse messageId:4 stepValueResponse:<stepValue:<stepValue:"{} css alanina {} yazdin" parameterizedStepValue:"<<css>> css alanina <<value>> yazdin" parameters:"<css>" parameters:"<value>" > > 
16:58:14.758 Api Request Received: messageType:GetStepValueRequest messageId:4 stepValueRequest:<stepText:"\"<id>\" id nesnesinde \"<index>\" indexini sec" > 
16:58:14.758 Sending API response: messageType:GetStepValueResponse messageId:4 stepValueResponse:<stepValue:<stepValue:"{} id nesnesinde {} indexini sec" parameterizedStepValue:"<<id>> id nesnesinde <<index>> indexini sec" parameters:"<id>" parameters:"<index>" > > 
16:58:14.759 Api Request Received: messageType:GetStepValueRequest messageId:4 stepValueRequest:<stepText:"ekranda <id> id nesnesini gormen gerekiyor" > 
16:58:14.759 Sending API response: messageType:GetStepValueResponse messageId:4 stepValueResponse:<stepValue:<stepValue:"ekranda {} id nesnesini gormen gerekiyor" parameterizedStepValue:"ekranda <id> id nesnesini gormen gerekiyor" parameters:"id" > > 
16:58:14.759 Api Request Received: messageType:GetStepValueRequest messageId:4 stepValueRequest:<stepText:"\"<id>\" id nesnesi varsa tikla" > 
16:58:14.759 Sending API response: messageType:GetStepValueResponse messageId:4 stepValueResponse:<stepValue:<stepValue:"{} id nesnesi varsa tikla" parameterizedStepValue:"<<id>> id nesnesi varsa tikla" parameters:"<id>" > > 
16:58:14.759 Api Request Received: messageType:GetStepValueRequest messageId:4 stepValueRequest:<stepText:"\"<id>\" id nesnesinde \"<value>\" degerini sec" > 
16:58:14.759 Sending API response: messageType:GetStepValueResponse messageId:4 stepValueResponse:<stepValue:<stepValue:"{} id nesnesinde {} degerini sec" parameterizedStepValue:"<<id>> id nesnesinde <<value>> degerini sec" parameters:"<id>" parameters:"<value>" > > 
16:58:14.760 Api Request Received: messageType:GetStepValueRequest messageId:4 stepValueRequest:<stepText:"\"<xpath>\" xpath'li eleman\304\261 \"<xpath>\" saniye kadar bekle" > 
16:58:14.760 Sending API response: messageType:GetStepValueResponse messageId:4 stepValueResponse:<stepValue:<stepValue:"{} xpath'li eleman\304\261 {} saniye kadar bekle" parameterizedStepValue:"<<xpath>> xpath'li eleman\304\261 <<xpath>> saniye kadar bekle" parameters:"<xpath>" parameters:"<xpath>" > > 
16:58:14.760 Api Request Received: messageType:GetStepValueRequest messageId:4 stepValueRequest:<stepText:"<css> css'li eleman listesindenden rastgele birine t\304\261kla" > 
16:58:14.760 Sending API response: messageType:GetStepValueResponse messageId:4 stepValueResponse:<stepValue:<stepValue:"{} css'li eleman listesindenden rastgele birine t\304\261kla" parameterizedStepValue:"<css> css'li eleman listesindenden rastgele birine t\304\261kla" parameters:"css" > > 
16:58:14.760 Api Request Received: messageType:GetStepValueRequest messageId:4 stepValueRequest:<stepText:"\"<linkText>\" linkine tikla" > 
16:58:14.760 Sending API response: messageType:GetStepValueResponse messageId:4 stepValueResponse:<stepValue:<stepValue:"{} linkine tikla" parameterizedStepValue:"<<linkText>> linkine tikla" parameters:"<linkText>" > > 
16:58:14.761 Api Request Received: messageType:GetStepValueRequest messageId:4 stepValueRequest:<stepText:"<classname> class'li elemana mouse u hareket ettir" > 
16:58:14.761 Sending API response: messageType:GetStepValueResponse messageId:4 stepValueResponse:<stepValue:<stepValue:"{} class'li elemana mouse u hareket ettir" parameterizedStepValue:"<classname> class'li elemana mouse u hareket ettir" parameters:"classname" > > 
16:58:14.761 Api Request Received: messageType:GetStepValueRequest messageId:4 stepValueRequest:<stepText:"<id> id'li elemana mouse u hareket ettir" > 
16:58:14.761 Sending API response: messageType:GetStepValueResponse messageId:4 stepValueResponse:<stepValue:<stepValue:"{} id'li elemana mouse u hareket ettir" parameterizedStepValue:"<id> id'li elemana mouse u hareket ettir" parameters:"id" > > 
16:58:14.761 Api Request Received: messageType:GetStepValueRequest messageId:4 stepValueRequest:<stepText:"\"<id>\" id nesnesi altindaki \"<text>\" yazisina tikla" > 
16:58:14.761 Sending API response: messageType:GetStepValueResponse messageId:4 stepValueResponse:<stepValue:<stepValue:"{} id nesnesi altindaki {} yazisina tikla" parameterizedStepValue:"<<id>> id nesnesi altindaki <<text>> yazisina tikla" parameters:"<id>" parameters:"<text>" > > 
16:58:14.762 Api Request Received: messageType:GetStepValueRequest messageId:4 stepValueRequest:<stepText:"\"<linkText>\" linkText'li eleman\304\261 \"<seconds>\" saniye kadar bekle" > 
16:58:14.762 Sending API response: messageType:GetStepValueResponse messageId:4 stepValueResponse:<stepValue:<stepValue:"{} linkText'li eleman\304\261 {} saniye kadar bekle" parameterizedStepValue:"<<linkText>> linkText'li eleman\304\261 <<seconds>> saniye kadar bekle" parameters:"<linkText>" parameters:"<seconds>" > > 
16:58:14.762 Api Request Received: messageType:GetStepValueRequest messageId:4 stepValueRequest:<stepText:"\"<className>\" className nesnesine tikla" > 
16:58:14.762 Sending API response: messageType:GetStepValueResponse messageId:4 stepValueResponse:<stepValue:<stepValue:"{} className nesnesine tikla" parameterizedStepValue:"<<className>> className nesnesine tikla" parameters:"<className>" > > 
16:58:14.762 Api Request Received: messageType:GetStepValueRequest messageId:4 stepValueRequest:<stepText:"<xpath> xpath'li elemana mouse u hareket ettir" > 
16:58:14.799 Sending API response: messageType:GetStepValueResponse messageId:4 stepValueResponse:<stepValue:<stepValue:"{} xpath'li elemana mouse u hareket ettir" parameterizedStepValue:"<xpath> xpath'li elemana mouse u hareket ettir" parameters:"xpath" > > 
16:58:14.800 Api Request Received: messageType:GetStepValueRequest messageId:4 stepValueRequest:<stepText:"\"name\" name nesnesinde \"<value>\" degerini sec" > 
16:58:14.800 Sending API response: messageType:GetStepValueResponse messageId:4 stepValueResponse:<stepValue:<stepValue:"{} name nesnesinde {} degerini sec" parameterizedStepValue:"<name> name nesnesinde <<value>> degerini sec" parameters:"name" parameters:"<value>" > > 
16:58:14.800 Api Request Received: messageType:GetStepValueRequest messageId:4 stepValueRequest:<stepText:"\"<xpath>\" xpath nesnesine tikla" > 
16:58:14.800 Sending API response: messageType:GetStepValueResponse messageId:4 stepValueResponse:<stepValue:<stepValue:"{} xpath nesnesine tikla" parameterizedStepValue:"<<xpath>> xpath nesnesine tikla" parameters:"<xpath>" > > 
16:58:14.800 Api Request Received: messageType:GetStepValueRequest messageId:4 stepValueRequest:<stepText:"<css> css'li elemana mouse u hareket ettir" > 
16:58:14.800 Sending API response: messageType:GetStepValueResponse messageId:4 stepValueResponse:<stepValue:<stepValue:"{} css'li elemana mouse u hareket ettir" parameterizedStepValue:"<css> css'li elemana mouse u hareket ettir" parameters:"css" > > 
16:58:14.800 Api Request Received: messageType:GetStepValueRequest messageId:4 stepValueRequest:<stepText:"<id> id'li eleman\304\261n koordinatlar\304\261nda sayfada scroll i\305\237lemi yap" > 
16:58:14.800 Sending API response: messageType:GetStepValueResponse messageId:4 stepValueResponse:<stepValue:<stepValue:"{} id'li eleman\304\261n koordinatlar\304\261nda sayfada scroll i\305\237lemi yap" parameterizedStepValue:"<id> id'li eleman\304\261n koordinatlar\304\261nda sayfada scroll i\305\237lemi yap" parameters:"id" > > 
16:58:14.801 Api Request Received: messageType:GetStepValueRequest messageId:4 stepValueRequest:<stepText:"\"<name>\" name alanina \"<value>\" yaz" > 
16:58:14.801 Sending API response: messageType:GetStepValueResponse messageId:4 stepValueResponse:<stepValue:<stepValue:"{} name alanina {} yaz" parameterizedStepValue:"<<name>> name alanina <<value>> yaz" parameters:"<name>" parameters:"<value>" > > 
16:58:14.802 Api Request Received: messageType:GetStepValueRequest messageId:4 stepValueRequest:<stepText:"\"<x>\" ve \"<y>\" koordinatlar\304\261nda sayfada scroll i\305\237lemi yap" > 
16:58:14.802 Sending API response: messageType:GetStepValueResponse messageId:4 stepValueResponse:<stepValue:<stepValue:"{} ve {} koordinatlar\304\261nda sayfada scroll i\305\237lemi yap" parameterizedStepValue:"<<x>> ve <<y>> koordinatlar\304\261nda sayfada scroll i\305\237lemi yap" parameters:"<x>" parameters:"<y>" > > 
