16:40:50.472 Gauge Install ID: 0aa4e719-27f9-4d5b-acf9-cd49463cf659
16:44:51.891 Gauge Install ID: 0aa4e719-27f9-4d5b-acf9-cd49463cf659
16:44:53.862 Checking updates...
16:45:06.850 Plugin [Html Report] with pid [2839] has exited
16:45:06.954 Specifications:	1 executed	1 passed	0 failed	0 skipped
16:45:06.954 Scenarios:	1 executed	1 passed	0 failed	0 skipped
16:45:06.954 
Total time taken: 9.746s
17:13:08.373 Gauge Install ID: 0aa4e719-27f9-4d5b-acf9-cd49463cf659
17:13:10.327 Checking updates...
17:13:21.119 Plugin [Html Report] with pid [2925] has exited
17:13:21.221 Specifications:	1 executed	1 passed	0 failed	0 skipped
17:13:21.221 Scenarios:	1 executed	1 passed	0 failed	0 skipped
17:13:21.221 
Total time taken: 8.378s
09:35:34.739 Gauge Install ID: 0aa4e719-27f9-4d5b-acf9-cd49463cf659
14:21:41.219 Gauge Install ID: 0aa4e719-27f9-4d5b-acf9-cd49463cf659
14:21:42.444 Checking updates...
14:22:39.120 Plugin [Html Report] with pid [2044] has exited
14:22:39.637 Specifications:	1 executed	0 passed	1 failed	0 skipped
14:22:39.637 Scenarios:	1 executed	0 passed	1 failed	0 skipped
14:22:39.637 
Total time taken: 53.282s
14:23:13.966 Gauge Install ID: 0aa4e719-27f9-4d5b-acf9-cd49463cf659
14:23:16.110 Checking updates...
14:24:42.134 Plugin [Html Report] with pid [2082] has exited
14:24:42.638 Specifications:	1 executed	0 passed	1 failed	0 skipped
14:24:42.638 Scenarios:	1 executed	0 passed	1 failed	0 skipped
14:24:42.638 
Total time taken: 1m23.542s
14:26:27.762 Gauge Install ID: 0aa4e719-27f9-4d5b-acf9-cd49463cf659
14:26:28.993 Checking updates...
14:26:54.390 Plugin [Html Report] with pid [2113] has exited
14:26:54.591 Specifications:	1 executed	0 passed	1 failed	0 skipped
14:26:54.591 Scenarios:	1 executed	0 passed	1 failed	0 skipped
14:26:54.591 
Total time taken: 22.325s
16:57:59.715 Gauge Install ID: 0aa4e719-27f9-4d5b-acf9-cd49463cf659
16:58:01.502 Checking updates...
16:58:48.887 Plugin [Html Report] with pid [2536] has exited
16:58:49.391 Specifications:	1 executed	0 passed	1 failed	0 skipped
16:58:49.392 Scenarios:	1 executed	0 passed	1 failed	0 skipped
16:58:49.392 
Total time taken: 44.146s
17:02:02.447 Gauge Install ID: 0aa4e719-27f9-4d5b-acf9-cd49463cf659
17:02:03.654 Checking updates...
17:02:33.752 Plugin [Html Report] with pid [2605] has exited
17:02:33.954 Specifications:	1 executed	0 passed	1 failed	0 skipped
17:02:33.954 Scenarios:	1 executed	0 passed	1 failed	0 skipped
17:02:33.954 
Total time taken: 26.701s
17:04:24.947 Gauge Install ID: 0aa4e719-27f9-4d5b-acf9-cd49463cf659
17:04:26.913 Checking updates...
17:05:18.885 Plugin [Html Report] with pid [2641] has exited
17:05:19.388 Specifications:	1 executed	0 passed	1 failed	0 skipped
17:05:19.388 Scenarios:	1 executed	0 passed	1 failed	0 skipped
17:05:19.388 
Total time taken: 49.18s
17:05:27.769 Gauge Install ID: 0aa4e719-27f9-4d5b-acf9-cd49463cf659
17:05:29.466 Checking updates...
17:05:42.151 Plugin [Html Report] with pid [2666] has exited
17:05:42.252 Specifications:	1 executed	1 passed	0 failed	0 skipped
17:05:42.252 Scenarios:	1 executed	1 passed	0 failed	0 skipped
17:05:42.252 
Total time taken: 10.011s
17:09:32.109 Gauge Install ID: 0aa4e719-27f9-4d5b-acf9-cd49463cf659
17:09:33.115 Unable to send analytics data, timed out
17:09:34.118 Unable to send analytics data, timed out
17:09:35.486 Checking updates...
17:10:48.100 Plugin [Html Report] with pid [2725] has exited
17:10:48.615 Specifications:	1 executed	0 passed	1 failed	0 skipped
17:10:48.615 Scenarios:	4 executed	3 passed	1 failed	0 skipped
17:10:48.615 
Total time taken: 1m10.23s
17:38:06.032 Gauge Install ID: 0aa4e719-27f9-4d5b-acf9-cd49463cf659
17:38:07.294 Checking updates...
17:38:23.938 Plugin [Html Report] with pid [2950] has exited
17:38:24.140 Specifications:	1 executed	0 passed	1 failed	0 skipped
17:38:24.140 Scenarios:	1 executed	0 passed	1 failed	0 skipped
17:38:24.140 
Total time taken: 13.371s
17:39:04.317 Gauge Install ID: 0aa4e719-27f9-4d5b-acf9-cd49463cf659
17:39:05.532 Checking updates...
17:40:02.896 Plugin [Html Report] with pid [2978] has exited
17:40:03.097 Specifications:	1 executed	1 passed	0 failed	0 skipped
17:40:03.097 Scenarios:	1 executed	1 passed	0 failed	0 skipped
17:40:03.097 
Total time taken: 54.226s
17:42:06.806 Gauge Install ID: 0aa4e719-27f9-4d5b-acf9-cd49463cf659
17:42:08.090 Checking updates...
17:42:53.711 Plugin [Html Report] with pid [3013] has exited
17:42:53.814 Specifications:	1 executed	1 passed	0 failed	0 skipped
17:42:53.814 Scenarios:	1 executed	1 passed	0 failed	0 skipped
17:42:53.814 
Total time taken: 42.58s
00:30:46.267 Gauge Install ID: 0aa4e719-27f9-4d5b-acf9-cd49463cf659
00:30:52.197 Checking updates...
00:31:15.189 Plugin [Html Report] with pid [3696] has exited
00:31:15.290 Specifications:	1 executed	1 passed	0 failed	0 skipped
00:31:15.290 Scenarios:	1 executed	1 passed	0 failed	0 skipped
00:31:15.290 
Total time taken: 24.721s
01:22:30.767 Gauge Install ID: 0aa4e719-27f9-4d5b-acf9-cd49463cf659
09:29:24.644 Gauge Install ID: 0aa4e719-27f9-4d5b-acf9-cd49463cf659
09:29:25.647 Unable to send analytics data, timed out
09:29:26.648 Unable to send analytics data, timed out
09:29:28.438 Checking updates...
09:30:18.941 Plugin [Html Report] with pid [1914] has exited
09:30:19.042 Specifications:	1 executed	1 passed	0 failed	0 skipped
09:30:19.042 Scenarios:	1 executed	1 passed	0 failed	0 skipped
09:30:19.042 
Total time taken: 48.594s
09:34:28.076 Gauge Install ID: 0aa4e719-27f9-4d5b-acf9-cd49463cf659
09:34:28.529 [ParseError] /Users/tunck/IdeaProjects/sample-gauge-master/specs/concepts/user.cpt:2 Concept should have atleast one step => '<username> ve <password> ile giris yap'
09:34:29.430 Checking updates...
09:44:21.925 Gauge Install ID: 0aa4e719-27f9-4d5b-acf9-cd49463cf659
11:06:06.841 Gauge Install ID: 0aa4e719-27f9-4d5b-acf9-cd49463cf659
11:06:07.844 Unable to send analytics data, timed out
11:06:38.951 Gauge Install ID: 0aa4e719-27f9-4d5b-acf9-cd49463cf659
11:06:40.233 Checking updates...
11:09:05.122 Plugin [Html Report] with pid [2885] has exited
11:09:05.223 Specifications:	1 executed	1 passed	0 failed	0 skipped
11:09:05.223 Scenarios:	1 executed	1 passed	0 failed	0 skipped
11:09:05.223 
Total time taken: 2m21.462s
16:30:32.711 Gauge Install ID: 27a9c69d-2135-4b82-a6e3-5cfed420fe6f
16:31:53.480 Gauge Install ID: 27a9c69d-2135-4b82-a6e3-5cfed420fe6f
16:31:53.879 Installing required plugins.
16:31:53.879 Installing plugin 'screenshot'
16:31:53.879 Gathering metadata for screenshot
16:31:54.757 Checking updates...
16:31:54.833 Downloading screenshot-0.0.1-darwin.x86_64.zip
16:31:57.007 Installing plugin screenshot 0.0.1
16:31:57.011 Successfully installed plugin 'screenshot'.
16:31:57.011 Installing plugin 'html-report'
16:31:57.011 Gathering metadata for html-report
16:31:57.255 Downloading html-report-4.0.2-darwin.x86_64.zip
16:31:59.346 Installing plugin html-report 4.0.2
16:31:59.391 Successfully installed plugin 'html-report'.
16:34:22.941 Plugin [Html Report] with pid [8967] has exited
16:34:23.444 Specifications:	1 executed	0 passed	1 failed	0 skipped
16:34:23.444 Scenarios:	4 executed	1 passed	3 failed	0 skipped
16:34:23.444 
Total time taken: 2m15.323s
17:12:05.048 Gauge Install ID: 27a9c69d-2135-4b82-a6e3-5cfed420fe6f
17:14:35.149 Gauge Install ID: 27a9c69d-2135-4b82-a6e3-5cfed420fe6f
17:14:36.153 Unable to send analytics data, timed out
17:14:37.153 Unable to send analytics data, timed out
17:14:38.137 Checking updates...
17:15:12.219 Plugin [Html Report] with pid [9479] has exited
17:15:12.320 Specifications:	1 executed	1 passed	0 failed	0 skipped
17:15:12.320 Scenarios:	1 executed	1 passed	0 failed	0 skipped
17:15:12.320 
Total time taken: 29.583s
09:01:46.635 Gauge Install ID: 41437378-1af2-4bd1-8133-5e4c35c01a87
10:53:53.378 Gauge Install ID: 41437378-1af2-4bd1-8133-5e4c35c01a87
17:24:14.148 Gauge Install ID: 41437378-1af2-4bd1-8133-5e4c35c01a87
17:24:15.620 Checking updates...
09:26:50.042 Gauge Install ID: 41437378-1af2-4bd1-8133-5e4c35c01a87
15:26:11.075 Gauge Install ID: 41437378-1af2-4bd1-8133-5e4c35c01a87
15:35:39.963 Gauge Install ID: 41437378-1af2-4bd1-8133-5e4c35c01a87
15:35:40.965 Unable to send analytics data, timed out
15:53:05.685 Gauge Install ID: 41437378-1af2-4bd1-8133-5e4c35c01a87
16:01:48.578 Gauge Install ID: 41437378-1af2-4bd1-8133-5e4c35c01a87
16:01:49.582 Unable to send analytics data, timed out
16:01:50.584 Unable to send analytics data, timed out
16:01:51.955 Checking updates...
11:29:08.145 Gauge Install ID: 41437378-1af2-4bd1-8133-5e4c35c01a87
11:29:09.147 Unable to send analytics data, timed out
12:14:05.653 Gauge Install ID: 49e7e563-089e-481d-b8f0-a9a24315eee5
12:14:44.444 Gauge Install ID: 49e7e563-089e-481d-b8f0-a9a24315eee5
12:14:44.924 Gauge Install ID: 49e7e563-089e-481d-b8f0-a9a24315eee5
12:14:45.464 Gauge Install ID: 49e7e563-089e-481d-b8f0-a9a24315eee5
12:14:46.007 Gauge Install ID: 49e7e563-089e-481d-b8f0-a9a24315eee5
12:14:46.524 Gauge Install ID: 49e7e563-089e-481d-b8f0-a9a24315eee5
12:14:46.969 Gauge Install ID: 49e7e563-089e-481d-b8f0-a9a24315eee5
12:14:47.379 Gauge Install ID: 49e7e563-089e-481d-b8f0-a9a24315eee5
12:14:47.800 Gauge Install ID: 49e7e563-089e-481d-b8f0-a9a24315eee5
12:14:48.283 Gauge Install ID: 49e7e563-089e-481d-b8f0-a9a24315eee5
12:14:48.742 Gauge Install ID: 49e7e563-089e-481d-b8f0-a9a24315eee5
12:14:49.172 Gauge Install ID: 49e7e563-089e-481d-b8f0-a9a24315eee5
12:14:49.242 Gauge Install ID: 49e7e563-089e-481d-b8f0-a9a24315eee5
12:14:49.654 Gauge Install ID: 49e7e563-089e-481d-b8f0-a9a24315eee5
12:14:50.181 Gauge Install ID: 49e7e563-089e-481d-b8f0-a9a24315eee5
12:14:50.587 Gauge Install ID: 49e7e563-089e-481d-b8f0-a9a24315eee5
12:14:50.997 Gauge Install ID: 49e7e563-089e-481d-b8f0-a9a24315eee5
12:14:51.384 Gauge Install ID: 49e7e563-089e-481d-b8f0-a9a24315eee5
12:14:53.336 Gauge Install ID: 49e7e563-089e-481d-b8f0-a9a24315eee5
12:14:53.769 Gauge Install ID: 49e7e563-089e-481d-b8f0-a9a24315eee5
12:14:54.353 Gauge Install ID: 49e7e563-089e-481d-b8f0-a9a24315eee5
12:14:54.918 Gauge Install ID: 49e7e563-089e-481d-b8f0-a9a24315eee5
12:14:55.277 Gauge Install ID: 49e7e563-089e-481d-b8f0-a9a24315eee5
12:14:55.702 Gauge Install ID: 49e7e563-089e-481d-b8f0-a9a24315eee5
12:14:56.157 Gauge Install ID: 49e7e563-089e-481d-b8f0-a9a24315eee5
12:15:01.001 Gauge Install ID: 49e7e563-089e-481d-b8f0-a9a24315eee5
12:15:01.450 Gauge Install ID: 49e7e563-089e-481d-b8f0-a9a24315eee5
12:15:01.833 Gauge Install ID: 49e7e563-089e-481d-b8f0-a9a24315eee5
12:15:03.227 Gauge Install ID: 49e7e563-089e-481d-b8f0-a9a24315eee5
12:15:03.653 Gauge Install ID: 49e7e563-089e-481d-b8f0-a9a24315eee5
12:15:04.099 Gauge Install ID: 49e7e563-089e-481d-b8f0-a9a24315eee5
12:15:11.922 Gauge Install ID: 49e7e563-089e-481d-b8f0-a9a24315eee5
12:15:13.773 Checking updates...
12:15:25.248 Plugin [Xml Report] with pid [8484] has exited
12:15:27.529 Plugin [Html Report] with pid [5752] has exited
12:15:27.831 Specifications:	1 executed	0 passed	1 failed	0 skipped
12:15:27.831 Scenarios:	1 executed	0 passed	1 failed	0 skipped
12:15:27.832 
Total time taken: 5.155s
12:15:45.253 Gauge Install ID: 49e7e563-089e-481d-b8f0-a9a24315eee5
12:15:45.662 Gauge Install ID: 49e7e563-089e-481d-b8f0-a9a24315eee5
12:15:46.086 Gauge Install ID: 49e7e563-089e-481d-b8f0-a9a24315eee5
12:15:46.558 Gauge Install ID: 49e7e563-089e-481d-b8f0-a9a24315eee5
12:15:47.944 Gauge Install ID: 49e7e563-089e-481d-b8f0-a9a24315eee5
12:15:48.377 Gauge Install ID: 49e7e563-089e-481d-b8f0-a9a24315eee5
12:15:53.859 Gauge Install ID: 49e7e563-089e-481d-b8f0-a9a24315eee5
12:15:55.073 Checking updates...
12:16:04.831 Plugin [Xml Report] with pid [4396] has exited
12:16:04.931 Plugin [Html Report] with pid [8484] has exited
12:16:05.234 Specifications:	1 executed	0 passed	1 failed	0 skipped
12:16:05.234 Scenarios:	1 executed	0 passed	1 failed	0 skipped
12:16:05.234 
Total time taken: 5.103s
12:16:22.275 Gauge Install ID: 49e7e563-089e-481d-b8f0-a9a24315eee5
12:16:22.734 Gauge Install ID: 49e7e563-089e-481d-b8f0-a9a24315eee5
12:16:23.220 Gauge Install ID: 49e7e563-089e-481d-b8f0-a9a24315eee5
12:16:23.613 Gauge Install ID: 49e7e563-089e-481d-b8f0-a9a24315eee5
12:16:26.219 Gauge Install ID: 49e7e563-089e-481d-b8f0-a9a24315eee5
12:16:27.452 Checking updates...
12:16:51.145 Plugin [Xml Report] with pid [13472] has exited
12:16:51.347 Plugin [Html Report] with pid [12652] has exited
12:16:51.649 Specifications:	1 executed	0 passed	1 failed	0 skipped
12:16:51.649 Scenarios:	1 executed	0 passed	1 failed	0 skipped
12:16:51.649 
Total time taken: 14.797s
12:17:19.366 Gauge Install ID: 49e7e563-089e-481d-b8f0-a9a24315eee5
12:17:19.956 Gauge Install ID: 49e7e563-089e-481d-b8f0-a9a24315eee5
12:17:24.855 Gauge Install ID: 49e7e563-089e-481d-b8f0-a9a24315eee5
12:17:26.073 Checking updates...
12:17:46.140 Plugin [Xml Report] with pid [13680] has exited
12:17:46.341 Plugin [Html Report] with pid [5752] has exited
12:17:47.023 Specifications:	1 executed	0 passed	1 failed	0 skipped
12:17:47.023 Scenarios:	1 executed	0 passed	1 failed	0 skipped
12:17:47.023 
Total time taken: 11.43s
12:18:06.806 Gauge Install ID: 49e7e563-089e-481d-b8f0-a9a24315eee5
12:18:07.267 Gauge Install ID: 49e7e563-089e-481d-b8f0-a9a24315eee5
12:18:07.716 Gauge Install ID: 49e7e563-089e-481d-b8f0-a9a24315eee5
12:18:08.123 Gauge Install ID: 49e7e563-089e-481d-b8f0-a9a24315eee5
12:18:10.470 Gauge Install ID: 49e7e563-089e-481d-b8f0-a9a24315eee5
12:18:11.662 Checking updates...
12:18:31.606 Plugin [Xml Report] with pid [6164] has exited
12:18:31.808 Plugin [Html Report] with pid [12660] has exited
12:18:32.111 Specifications:	1 executed	0 passed	1 failed	0 skipped
12:18:32.111 Scenarios:	1 executed	0 passed	1 failed	0 skipped
12:18:32.111 
Total time taken: 10.825s
12:18:35.043 Gauge Install ID: 49e7e563-089e-481d-b8f0-a9a24315eee5
12:18:36.289 Checking updates...
12:18:41.602 Plugin [Xml Report] with pid [13776] has exited
12:18:41.703 Plugin [Html Report] with pid [13628] has exited
12:18:42.004 Specifications:	1 executed	0 passed	1 failed	0 skipped
12:18:42.004 Scenarios:	1 executed	0 passed	1 failed	0 skipped
12:18:42.004 
Total time taken: 740ms
12:19:20.486 Gauge Install ID: 49e7e563-089e-481d-b8f0-a9a24315eee5
12:19:21.812 Checking updates...
12:19:26.941 Plugin [Xml Report] with pid [1712] has exited
12:19:27.043 Plugin [Html Report] with pid [13756] has exited
12:19:27.344 Specifications:	1 executed	0 passed	1 failed	0 skipped
12:19:27.344 Scenarios:	1 executed	0 passed	1 failed	0 skipped
12:19:27.344 
Total time taken: 721ms
12:19:54.452 Gauge Install ID: 49e7e563-089e-481d-b8f0-a9a24315eee5
12:19:55.635 Checking updates...
12:21:02.429 Plugin [Xml Report] with pid [14008] has exited
12:21:02.531 Plugin [Html Report] with pid [2628] has exited
12:21:02.832 Specifications:	1 executed	0 passed	1 failed	0 skipped
12:21:02.832 Scenarios:	1 executed	0 passed	1 failed	0 skipped
12:21:02.832 
Total time taken: 58.052s
12:23:33.754 Gauge Install ID: 49e7e563-089e-481d-b8f0-a9a24315eee5
12:32:38.784 Gauge Install ID: 49e7e563-089e-481d-b8f0-a9a24315eee5
12:32:39.411 Gauge Install ID: 49e7e563-089e-481d-b8f0-a9a24315eee5
12:32:39.870 Gauge Install ID: 49e7e563-089e-481d-b8f0-a9a24315eee5
12:32:46.415 Gauge Install ID: 49e7e563-089e-481d-b8f0-a9a24315eee5
12:32:47.717 Checking updates...
12:33:49.087 Plugin [Xml Report] with pid [12988] has exited
12:33:50.808 Plugin [Html Report] with pid [13392] has exited
12:33:51.111 Specifications:	1 executed	0 passed	1 failed	0 skipped
12:33:51.111 Scenarios:	1 executed	0 passed	1 failed	0 skipped
12:33:51.111 
Total time taken: 52.867s
12:35:11.174 Gauge Install ID: 49e7e563-089e-481d-b8f0-a9a24315eee5
12:35:11.611 Gauge Install ID: 49e7e563-089e-481d-b8f0-a9a24315eee5
12:35:15.451 Gauge Install ID: 49e7e563-089e-481d-b8f0-a9a24315eee5
12:35:17.112 Checking updates...
12:36:10.670 Plugin [Xml Report] with pid [10692] has exited
12:36:10.771 Plugin [Html Report] with pid [11700] has exited
12:36:11.076 Specifications:	1 executed	0 passed	1 failed	0 skipped
12:36:11.076 Scenarios:	1 executed	0 passed	1 failed	0 skipped
12:36:11.076 
Total time taken: 45.318s
13:48:42.433 Gauge Install ID: 49e7e563-089e-481d-b8f0-a9a24315eee5
13:48:44.670 Gauge Install ID: 49e7e563-089e-481d-b8f0-a9a24315eee5
13:48:45.123 Gauge Install ID: 49e7e563-089e-481d-b8f0-a9a24315eee5
13:48:54.853 Gauge Install ID: 49e7e563-089e-481d-b8f0-a9a24315eee5
13:48:54.883 Gauge Install ID: 49e7e563-089e-481d-b8f0-a9a24315eee5
13:48:54.883 Gauge Install ID: 49e7e563-089e-481d-b8f0-a9a24315eee5
13:48:55.381 Gauge Install ID: 49e7e563-089e-481d-b8f0-a9a24315eee5
13:48:55.399 Gauge Install ID: 49e7e563-089e-481d-b8f0-a9a24315eee5
13:48:55.433 Gauge Install ID: 49e7e563-089e-481d-b8f0-a9a24315eee5
13:48:55.948 Gauge Install ID: 49e7e563-089e-481d-b8f0-a9a24315eee5
13:48:55.963 Gauge Install ID: 49e7e563-089e-481d-b8f0-a9a24315eee5
13:48:55.996 Gauge Install ID: 49e7e563-089e-481d-b8f0-a9a24315eee5
13:48:56.516 Gauge Install ID: 49e7e563-089e-481d-b8f0-a9a24315eee5
13:48:56.529 Gauge Install ID: 49e7e563-089e-481d-b8f0-a9a24315eee5
13:48:56.573 Gauge Install ID: 49e7e563-089e-481d-b8f0-a9a24315eee5
13:48:58.168 Gauge Install ID: 49e7e563-089e-481d-b8f0-a9a24315eee5
